INFO:     Will watch for changes in these directories: ['A:\\Projetos\\Carteira\\backend']
INFO:     Uvicorn running on http://127.0.0.1:8000 (Press CTRL+C to quit)
INFO:     Started reloader process [21428] using StatReload
Process SpawnProcess-1:
Traceback (most recent call last):
  File "C:\Program Files\Python311\Lib\multiprocessing\process.py", line 314, in _bootstrap
    self.run()
  File "C:\Program Files\Python311\Lib\multiprocessing\process.py", line 108, in run
    self._target(*self._args, **self._kwargs)
  File "C:\Users\maico\AppData\Roaming\Python\Python311\site-packages\uvicorn\_subprocess.py", line 80, in subprocess_started
    target(sockets=sockets)
  File "C:\Users\maico\AppData\Roaming\Python\Python311\site-packages\uvicorn\server.py", line 75, in run
    return asyncio_run(self.serve(sockets=sockets), loop_factory=self.config.get_loop_factory())
           ^^^^^^^^^^^^^^^^^^^^^^^^^^^^^^^^^^^^^^^^^^^^^^^^^^^^^^^^^^^^^^^^^^^^^^^^^^^^^^^^^^^^^
  File "C:\Users\maico\AppData\Roaming\Python\Python311\site-packages\uvicorn\_compat.py", line 30, in asyncio_run
    return runner.run(main)
           ^^^^^^^^^^^^^^^^
  File "C:\Program Files\Python311\Lib\asyncio\runners.py", line 118, in run
    return self._loop.run_until_complete(task)
           ^^^^^^^^^^^^^^^^^^^^^^^^^^^^^^^^^^^
  File "C:\Program Files\Python311\Lib\asyncio\base_events.py", line 654, in run_until_complete
    return future.result()
           ^^^^^^^^^^^^^^^
  File "C:\Users\maico\AppData\Roaming\Python\Python311\site-packages\uvicorn\server.py", line 79, in serve
    await self._serve(sockets)
  File "C:\Users\maico\AppData\Roaming\Python\Python311\site-packages\uvicorn\server.py", line 86, in _serve
    config.load()
  File "C:\Users\maico\AppData\Roaming\Python\Python311\site-packages\uvicorn\config.py", line 441, in load
    self.loaded_app = import_from_string(self.app)
                      ^^^^^^^^^^^^^^^^^^^^^^^^^^^^
  File "C:\Users\maico\AppData\Roaming\Python\Python311\site-packages\uvicorn\importer.py", line 22, in import_from_string
    raise exc from None
  File "C:\Users\maico\AppData\Roaming\Python\Python311\site-packages\uvicorn\importer.py", line 19, in import_from_string
    module = importlib.import_module(module_str)
             ^^^^^^^^^^^^^^^^^^^^^^^^^^^^^^^^^^^
  File "C:\Program Files\Python311\Lib\importlib\__init__.py", line 126, in import_module
    return _bootstrap._gcd_import(name[level:], package, level)
           ^^^^^^^^^^^^^^^^^^^^^^^^^^^^^^^^^^^^^^^^^^^^^^^^^^^^
  File "<frozen importlib._bootstrap>", line 1204, in _gcd_import
  File "<frozen importlib._bootstrap>", line 1176, in _find_and_load
  File "<frozen importlib._bootstrap>", line 1147, in _find_and_load_unlocked
  File "<frozen importlib._bootstrap>", line 690, in _load_unlocked
  File "<frozen importlib._bootstrap_external>", line 940, in exec_module
  File "<frozen importlib._bootstrap>", line 241, in _call_with_frames_removed
  File "A:\Projetos\Carteira\backend\main.py", line 1, in <module>
    from fastapi import FastAPI, Depends, HTTPException
  File "C:\Users\maico\AppData\Roaming\Python\Python311\site-packages\fastapi\__init__.py", line 7, in <module>
    from .applications import FastAPI as FastAPI
  File "C:\Users\maico\AppData\Roaming\Python\Python311\site-packages\fastapi\applications.py", line 10, in <module>
    from fastapi import routing
  File "C:\Users\maico\AppData\Roaming\Python\Python311\site-packages\fastapi\routing.py", line 34, in <module>
    from fastapi import params
  File "C:\Users\maico\AppData\Roaming\Python\Python311\site-packages\fastapi\params.py", line 7, in <module>
    from fastapi.exceptions import FastAPIDeprecationWarning
  File "C:\Users\maico\AppData\Roaming\Python\Python311\site-packages\fastapi\exceptions.py", line 5, in <module>
    from pydantic import BaseModel, create_model
ModuleNotFoundError: No module named 'pydantic'
